.
WARNING: using -h 0 may be faster
*
optimization finished, #iter = 1049
nu = 0.981750
obj = -0.671326, rho = -0.999767
nSV = 2098, nBSV = 2098
Total nSV = 2098
Accuracy = 51.2605% (122/238) (classification)
OURRESULT 3 -5.0 train1 file10 51.2605
.
WARNING: using -h 0 may be faster
*
optimization finished, #iter = 1048
nu = 0.980355
obj = -0.670686, rho = -0.999772
nSV = 2096, nBSV = 2096
Total nSV = 2096
Accuracy = 50.6329% (120/237) (classification)
OURRESULT 3 -5.0 train2 file1 50.6329
.
WARNING: using -h 0 may be faster
*
optimization finished, #iter = 1048
nu = 0.980355
obj = -0.670686, rho = -0.999766
nSV = 2096, nBSV = 2096
Total nSV = 2096
Accuracy = 50.6329% (120/237) (classification)
OURRESULT 3 -5.0 train3 file2 50.6329
.
WARNING: using -h 0 may be faster
*
optimization finished, #iter = 1048
nu = 0.980355
obj = -0.670685, rho = -0.999781
nSV = 2096, nBSV = 2096
Total nSV = 2096
Accuracy = 50.6329% (120/237) (classification)
OURRESULT 3 -5.0 train4 file3 50.6329
.
WARNING: using -h 0 may be faster
*
optimization finished, #iter = 1049
nu = 0.981291
obj = -0.671326, rho = -0.999760
nSV = 2098, nBSV = 2098
Total nSV = 2098
Accuracy = 51.0549% (121/237) (classification)
OURRESULT 3 -5.0 train5 file4 51.0549
.
WARNING: using -h 0 may be faster
*
optimization finished, #iter = 1049
nu = 0.981291
obj = -0.671325, rho = -0.999781
nSV = 2098, nBSV = 2098
Total nSV = 2098
Accuracy = 51.0549% (121/237) (classification)
OURRESULT 3 -5.0 train6 file5 51.0549
.
WARNING: using -h 0 may be faster
*
optimization finished, #iter = 1048
nu = 0.980814
obj = -0.670685, rho = -0.999760
nSV = 2096, nBSV = 2096
Total nSV = 2096
Accuracy = 50.8403% (121/238) (classification)
OURRESULT 3 -5.0 train7 file6 50.8403
.
WARNING: using -h 0 may be faster
*
optimization finished, #iter = 1048
nu = 0.980814
obj = -0.670685, rho = -0.999780
nSV = 2096, nBSV = 2096
Total nSV = 2096
Accuracy = 50.8403% (121/238) (classification)
OURRESULT 3 -5.0 train8 file7 50.8403
.
WARNING: using -h 0 may be faster
*
optimization finished, #iter = 1049
nu = 0.981750
obj = -0.671325, rho = -0.999766
nSV = 2098, nBSV = 2098
Total nSV = 2098
Accuracy = 51.2605% (122/238) (classification)
OURRESULT 3 -5.0 train9 file8 51.2605
.
WARNING: using -h 0 may be faster
*
optimization finished, #iter = 1049
nu = 0.981750
obj = -0.671325, rho = -0.999757
nSV = 2098, nBSV = 2098
Total nSV = 2098
Accuracy = 51.2605% (122/238) (classification)
OURRESULT 3 -5.0 train10 file9 51.2605
.
WARNING: using -h 0 may be faster
*
optimization finished, #iter = 1049
nu = 0.981750
obj = -1.501035, rho = -0.999479
nSV = 2098, nBSV = 2098
Total nSV = 2098
Accuracy = 51.2605% (122/238) (classification)
OURRESULT 3 -4.5 train1 file10 51.2605
.
WARNING: using -h 0 may be faster
*
optimization finished, #iter = 1048
nu = 0.980355
obj = -1.499605, rho = -0.999490
nSV = 2096, nBSV = 2096
Total nSV = 2096
Accuracy = 50.6329% (120/237) (classification)
OURRESULT 3 -4.5 train2 file1 50.6329
.
WARNING: using -h 0 may be faster
*
optimization finished, #iter = 1048
nu = 0.980355
obj = -1.499603, rho = -0.999478
nSV = 2096, nBSV = 2096
Total nSV = 2096
Accuracy = 50.6329% (120/237) (classification)
OURRESULT 3 -4.5 train3 file2 50.6329
.
WARNING: using -h 0 may be faster
*
optimization finished, #iter = 1048
nu = 0.980355
obj = -1.499602, rho = -0.999509
nSV = 2096, nBSV = 2096
Total nSV = 2096
Accuracy = 50.6329% (120/237) (classification)
OURRESULT 3 -4.5 train4 file3 50.6329
.
WARNING: using -h 0 may be faster
*
optimization finished, #iter = 1049
nu = 0.981291
obj = -1.501037, rho = -0.999464
nSV = 2098, nBSV = 2098
Total nSV = 2098
Accuracy = 51.0549% (121/237) (classification)
OURRESULT 3 -4.5 train5 file4 51.0549
.
WARNING: using -h 0 may be faster
*
optimization finished, #iter = 1049
nu = 0.981291
obj = -1.501033, rho = -0.999511
nSV = 2098, nBSV = 2098
Total nSV = 2098
Accuracy = 51.0549% (121/237) (classification)
OURRESULT 3 -4.5 train6 file5 51.0549
.
WARNING: using -h 0 may be faster
*
optimization finished, #iter = 1048
nu = 0.980814
obj = -1.499598, rho = -0.999462
nSV = 2096, nBSV = 2096
Total nSV = 2096
Accuracy = 50.8403% (121/238) (classification)
OURRESULT 3 -4.5 train7 file6 50.8403
.
WARNING: using -h 0 may be faster
*
optimization finished, #iter = 1048
nu = 0.980814
obj = -1.499601, rho = -0.999508
nSV = 2096, nBSV = 2096
Total nSV = 2096
Accuracy = 50.8403% (121/238) (classification)
OURRESULT 3 -4.5 train8 file7 50.8403
.
WARNING: using -h 0 may be faster
*
optimization finished, #iter = 1049
nu = 0.981750
obj = -1.501033, rho = -0.999478
nSV = 2098, nBSV = 2098
Total nSV = 2098
Accuracy = 51.2605% (122/238) (classification)
OURRESULT 3 -4.5 train9 file8 51.2605
.
WARNING: using -h 0 may be faster
*
optimization finished, #iter = 1049
nu = 0.981750
obj = -1.501032, rho = -0.999457
nSV = 2098, nBSV = 2098
Total nSV = 2098
Accuracy = 51.2605% (122/238) (classification)
OURRESULT 3 -4.5 train10 file9 51.2605
.
WARNING: using -h 0 may be faster
*
optimization finished, #iter = 1049
nu = 0.981750
obj = -3.355946, rho = -0.998928
nSV = 2098, nBSV = 2098
Total nSV = 2098
Accuracy = 51.2605% (122/238) (classification)
OURRESULT 3 -4.0 train1 file10 51.2605
.
WARNING: using -h 0 may be faster
*
optimization finished, #iter = 1049
nu = 0.980355
obj = -3.352749, rho = -0.999018
nSV = 2096, nBSV = 2096
Total nSV = 2096
Accuracy = 50.6329% (120/237) (classification)
OURRESULT 3 -4.0 train2 file1 50.6329
.
WARNING: using -h 0 may be faster
*
optimization finished, #iter = 1049
nu = 0.980355
obj = -3.352741, rho = -0.998928
nSV = 2096, nBSV = 2096
Total nSV = 2096
Accuracy = 50.6329% (120/237) (classification)
OURRESULT 3 -4.0 train3 file2 50.6329
.
WARNING: using -h 0 may be faster
*
optimization finished, #iter = 1049
nu = 0.980355
obj = -3.352732, rho = -0.998988
nSV = 2096, nBSV = 2096
Total nSV = 2096
Accuracy = 50.6329% (120/237) (classification)
OURRESULT 3 -4.0 train4 file3 50.6329
.
WARNING: using -h 0 may be faster
*
optimization finished, #iter = 1050
nu = 0.981291
obj = -3.355951, rho = -0.998845
nSV = 2099, nBSV = 2097
Total nSV = 2099
Accuracy = 51.0549% (121/237) (classification)
OURRESULT 3 -4.0 train5 file4 51.0549
.
WARNING: using -h 0 may be faster
*
optimization finished, #iter = 1049
nu = 0.981291
obj = -3.355930, rho = -0.998906
nSV = 2098, nBSV = 2098
Total nSV = 2098
Accuracy = 51.0549% (121/237) (classification)
OURRESULT 3 -4.0 train6 file5 51.0549
.
WARNING: using -h 0 may be faster
*
optimization finished, #iter = 1050
nu = 0.980814
obj = -3.352715, rho = -0.998868
nSV = 2097, nBSV = 2095
Total nSV = 2097
Accuracy = 50.8403% (121/238) (classification)
OURRESULT 3 -4.0 train7 file6 50.8403
.
WARNING: using -h 0 may be faster
*
optimization finished, #iter = 1048
nu = 0.980814
obj = -3.352726, rho = -0.998899
nSV = 2096, nBSV = 2096
Total nSV = 2096
Accuracy = 50.8403% (121/238) (classification)
OURRESULT 3 -4.0 train8 file7 50.8403
.
WARNING: using -h 0 may be faster
*
optimization finished, #iter = 1052
nu = 0.981750
obj = -3.355933, rho = -0.998993
nSV = 2098, nBSV = 2098
Total nSV = 2098
Accuracy = 51.2605% (122/238) (classification)
OURRESULT 3 -4.0 train9 file8 51.2605
.
WARNING: using -h 0 may be faster
*
optimization finished, #iter = 1050
nu = 0.981750
obj = -3.355930, rho = -0.998904
nSV = 2098, nBSV = 2098
Total nSV = 2098
Accuracy = 51.2605% (122/238) (classification)
OURRESULT 3 -4.0 train10 file9 51.2605
.
WARNING: using -h 0 may be faster
*
optimization finished, #iter = 1065
nu = 0.981750
obj = -7.501783, rho = -0.998141
nSV = 2112, nBSV = 2084
Total nSV = 2112
Accuracy = 51.2605% (122/238) (classification)
OURRESULT 3 -3.5 train1 file10 51.2605
.
WARNING: using -h 0 may be faster
*
optimization finished, #iter = 1060
nu = 0.980355
obj = -7.494637, rho = -0.998173
nSV = 2107, nBSV = 2085
Total nSV = 2107
Accuracy = 50.6329% (120/237) (classification)
OURRESULT 3 -3.5 train2 file1 50.6329
.
WARNING: using -h 0 may be faster
*
optimization finished, #iter = 1061
nu = 0.980355
obj = -7.494599, rho = -0.998095
nSV = 2106, nBSV = 2086
Total nSV = 2106
Accuracy = 50.6329% (120/237) (classification)
OURRESULT 3 -3.5 train3 file2 50.6329
.
WARNING: using -h 0 may be faster
*
optimization finished, #iter = 1064
nu = 0.980355
obj = -7.494558, rho = -0.998169
nSV = 2110, nBSV = 2082
Total nSV = 2110
Accuracy = 50.6329% (120/237) (classification)
OURRESULT 3 -3.5 train4 file3 50.6329
.
WARNING: using -h 0 may be faster
*
optimization finished, #iter = 1066
nu = 0.981291
obj = -7.501810, rho = -0.998213
nSV = 2113, nBSV = 2084
Total nSV = 2113
Accuracy = 51.0549% (121/237) (classification)
OURRESULT 3 -3.5 train5 file4 51.0549
.
WARNING: using -h 0 may be faster
*
optimization finished, #iter = 1063
nu = 0.981291
obj = -7.501704, rho = -0.998093
nSV = 2112, nBSV = 2084
Total nSV = 2112
Accuracy = 51.0549% (121/237) (classification)
OURRESULT 3 -3.5 train6 file5 51.0549
.
WARNING: using -h 0 may be faster
*
optimization finished, #iter = 1060
nu = 0.980814
obj = -7.494469, rho = -0.998013
nSV = 2108, nBSV = 2084
Total nSV = 2108
Accuracy = 50.8403% (121/238) (classification)
OURRESULT 3 -3.5 train7 file6 50.8403
.
WARNING: using -h 0 may be faster
*
optimization finished, #iter = 1061
nu = 0.980814
obj = -7.494527, rho = -0.998077
nSV = 2109, nBSV = 2084
Total nSV = 2109
Accuracy = 50.8403% (121/238) (classification)
OURRESULT 3 -3.5 train8 file7 50.8403
.
WARNING: using -h 0 may be faster
*
optimization finished, #iter = 1063
nu = 0.981750
obj = -7.501716, rho = -0.998157
nSV = 2110, nBSV = 2086
Total nSV = 2110
Accuracy = 51.2605% (122/238) (classification)
OURRESULT 3 -3.5 train9 file8 51.2605
.
WARNING: using -h 0 may be faster
*
optimization finished, #iter = 1061
nu = 0.981750
obj = -7.501703, rho = -0.998063
nSV = 2107, nBSV = 2089
Total nSV = 2107
Accuracy = 51.2605% (122/238) (classification)
OURRESULT 3 -3.5 train10 file9 51.2605
.
WARNING: using -h 0 may be faster
*
optimization finished, #iter = 1087
nu = 0.981750
obj = -16.762790, rho = -0.995765
nSV = 2126, nBSV = 2065
Total nSV = 2126
Accuracy = 51.2605% (122/238) (classification)
OURRESULT 3 -3.0 train1 file10 51.2605
.
WARNING: using -h 0 may be faster
*
optimization finished, #iter = 1076
nu = 0.980355
obj = -16.746833, rho = -0.995855
nSV = 2120, nBSV = 2071
Total nSV = 2120
Accuracy = 50.6329% (120/237) (classification)
OURRESULT 3 -3.0 train2 file1 50.6329
.
WARNING: using -h 0 may be faster
*
optimization finished, #iter = 1084
nu = 0.980355
obj = -16.746656, rho = -0.995771
nSV = 2126, nBSV = 2066
Total nSV = 2126
Accuracy = 50.6329% (120/237) (classification)
OURRESULT 3 -3.0 train3 file2 50.6329
.
WARNING: using -h 0 may be faster
*
optimization finished, #iter = 1082
nu = 0.980355
obj = -16.746438, rho = -0.995858
nSV = 2123, nBSV = 2065
Total nSV = 2123
Accuracy = 50.6329% (120/237) (classification)
OURRESULT 3 -3.0 train4 file3 50.6329
.
WARNING: using -h 0 may be faster
*
optimization finished, #iter = 1086
nu = 0.981291
obj = -16.762927, rho = -0.995878
nSV = 2125, nBSV = 2067
Total nSV = 2125
Accuracy = 51.0549% (121/237) (classification)
OURRESULT 3 -3.0 train5 file4 51.0549
.
WARNING: using -h 0 may be faster
*
optimization finished, #iter = 1083
nu = 0.981291
obj = -16.762394, rho = -0.995785
nSV = 2127, nBSV = 2068
Total nSV = 2127
Accuracy = 51.0549% (121/237) (classification)
OURRESULT 3 -3.0 train6 file5 51.0549
.
WARNING: using -h 0 may be faster
*
optimization finished, #iter = 1081
nu = 0.980814
obj = -16.745996, rho = -0.995642
nSV = 2121, nBSV = 2068
Total nSV = 2121
Accuracy = 50.8403% (121/238) (classification)
OURRESULT 3 -3.0 train7 file6 50.8403
.
WARNING: using -h 0 may be faster
*
optimization finished, #iter = 1083
nu = 0.980814
obj = -16.746282, rho = -0.995741
nSV = 2123, nBSV = 2067
Total nSV = 2123
Accuracy = 50.8403% (121/238) (classification)
OURRESULT 3 -3.0 train8 file7 50.8403
.
WARNING: using -h 0 may be faster
*
optimization finished, #iter = 1080
nu = 0.981750
obj = -16.762450, rho = -0.995745
nSV = 2120, nBSV = 2073
Total nSV = 2120
Accuracy = 51.2605% (122/238) (classification)
OURRESULT 3 -3.0 train9 file8 51.2605
.
WARNING: using -h 0 may be faster
*
optimization finished, #iter = 1082
nu = 0.981750
obj = -16.762384, rho = -0.995639
nSV = 2121, nBSV = 2073
Total nSV = 2121
Accuracy = 51.2605% (122/238) (classification)
OURRESULT 3 -3.0 train10 file9 51.2605
.
WARNING: using -h 0 may be faster
*
optimization finished, #iter = 1096
nu = 0.981750
obj = -37.424140, rho = -0.990433
nSV = 2128, nBSV = 2056
Total nSV = 2128
Accuracy = 51.2605% (122/238) (classification)
OURRESULT 3 -2.5 train1 file10 51.2605
.
WARNING: using -h 0 may be faster
*
optimization finished, #iter = 1089
nu = 0.980355
obj = -37.388576, rho = -0.990615
nSV = 2122, nBSV = 2061
Total nSV = 2122
Accuracy = 50.6329% (120/237) (classification)
OURRESULT 3 -2.5 train2 file1 50.6329
.
WARNING: using -h 0 may be faster
*
optimization finished, #iter = 1093
nu = 0.980355
obj = -37.387688, rho = -0.990513
nSV = 2128, nBSV = 2059
Total nSV = 2128
Accuracy = 50.6329% (120/237) (classification)
OURRESULT 3 -2.5 train3 file2 50.6329
.
WARNING: using -h 0 may be faster
*
optimization finished, #iter = 1092
nu = 0.980355
obj = -37.386602, rho = -0.990735
nSV = 2126, nBSV = 2059
Total nSV = 2126
Accuracy = 50.6329% (120/237) (classification)
OURRESULT 3 -2.5 train4 file3 50.6329
.
WARNING: using -h 0 may be faster
*
optimization finished, #iter = 1097
nu = 0.981291
obj = -37.424829, rho = -0.990700
nSV = 2127, nBSV = 2057
Total nSV = 2127
Accuracy = 51.0549% (121/237) (classification)
OURRESULT 3 -2.5 train5 file4 51.0549
.
WARNING: using -h 0 may be faster
*
optimization finished, #iter = 1099
nu = 0.981291
obj = -37.422168, rho = -0.990477
nSV = 2129, nBSV = 2057
Total nSV = 2129
Accuracy = 51.0549% (121/237) (classification)
OURRESULT 3 -2.5 train6 file5 51.0549
.
WARNING: using -h 0 may be faster
*
optimization finished, #iter = 1094
nu = 0.980814
obj = -37.384402, rho = -0.990166
nSV = 2125, nBSV = 2056
Total nSV = 2125
Accuracy = 50.8403% (121/238) (classification)
OURRESULT 3 -2.5 train7 file6 50.8403
.
WARNING: using -h 0 may be faster
*
optimization finished, #iter = 1096
nu = 0.980814
obj = -37.385829, rho = -0.990335
nSV = 2127, nBSV = 2055
Total nSV = 2127
Accuracy = 50.8403% (121/238) (classification)
OURRESULT 3 -2.5 train8 file7 50.8403
.
WARNING: using -h 0 may be faster
*
optimization finished, #iter = 1093
nu = 0.981750
obj = -37.422440, rho = -0.990380
nSV = 2122, nBSV = 2061
Total nSV = 2122
Accuracy = 51.2605% (122/238) (classification)
OURRESULT 3 -2.5 train9 file8 51.2605
.
WARNING: using -h 0 may be faster
*
optimization finished, #iter = 1094
nu = 0.981750
obj = -37.422106, rho = -0.990160
nSV = 2125, nBSV = 2063
Total nSV = 2125
Accuracy = 51.2605% (122/238) (classification)
OURRESULT 3 -2.5 train10 file9 51.2605
.
WARNING: using -h 0 may be faster
*
optimization finished, #iter = 1116
nu = 0.981750
obj = -83.389913, rho = -0.978595
nSV = 2130, nBSV = 2051
Total nSV = 2130
Accuracy = 51.2605% (122/238) (classification)
OURRESULT 3 -2.0 train1 file10 51.2605
.
WARNING: using -h 0 may be faster
*
optimization finished, #iter = 1109
nu = 0.980355
obj = -83.310976, rho = -0.978964
nSV = 2124, nBSV = 2054
Total nSV = 2124
Accuracy = 50.6329% (120/237) (classification)
OURRESULT 3 -2.0 train2 file1 50.6329
.
WARNING: using -h 0 may be faster
*
optimization finished, #iter = 1116
nu = 0.980355
obj = -83.306522, rho = -0.978743
nSV = 2129, nBSV = 2053
Total nSV = 2129
Accuracy = 50.6329% (120/237) (classification)
OURRESULT 3 -2.0 train3 file2 50.6329
.
WARNING: using -h 0 may be faster
*
optimization finished, #iter = 1116
nu = 0.980355
obj = -83.301121, rho = -0.979236
nSV = 2126, nBSV = 2051
Total nSV = 2126
Accuracy = 50.6329% (120/237) (classification)
OURRESULT 3 -2.0 train4 file3 50.6329
.
WARNING: using -h 0 may be faster
*
optimization finished, #iter = 1114
nu = 0.981291
obj = -83.393348, rho = -0.979195
nSV = 2127, nBSV = 2052
Total nSV = 2127
Accuracy = 51.0549% (121/237) (classification)
OURRESULT 3 -2.0 train5 file4 51.0549
.
WARNING: using -h 0 may be faster
*
optimization finished, #iter = 1108
nu = 0.981291
obj = -83.380042, rho = -0.978749
nSV = 2130, nBSV = 2055
Total nSV = 2130
Accuracy = 51.0549% (121/237) (classification)
OURRESULT 3 -2.0 train6 file5 51.0549
.
WARNING: using -h 0 may be faster
*
optimization finished, #iter = 1110
nu = 0.980814
obj = -83.290096, rho = -0.978035
nSV = 2127, nBSV = 2055
Total nSV = 2127
Accuracy = 50.8403% (121/238) (classification)
OURRESULT 3 -2.0 train7 file6 50.8403
.
WARNING: using -h 0 may be faster
*
optimization finished, #iter = 1116
nu = 0.980814
obj = -83.297233, rho = -0.978421
nSV = 2127, nBSV = 2055
Total nSV = 2127
Accuracy = 50.8403% (121/238) (classification)
OURRESULT 3 -2.0 train8 file7 50.8403
.
WARNING: using -h 0 may be faster
*
optimization finished, #iter = 1103
nu = 0.981750
obj = -83.381397, rho = -0.978483
nSV = 2123, nBSV = 2059
Total nSV = 2123
Accuracy = 51.2605% (122/238) (classification)
OURRESULT 3 -2.0 train9 file8 51.2605
.
WARNING: using -h 0 may be faster
*
optimization finished, #iter = 1108
nu = 0.981750
obj = -83.379735, rho = -0.978080
nSV = 2129, nBSV = 2060
Total nSV = 2129
Accuracy = 51.2605% (122/238) (classification)
OURRESULT 3 -2.0 train10 file9 51.2605
.
WARNING: using -h 0 may be faster
*
optimization finished, #iter = 1136
nu = 0.981750
obj = -185.000417, rho = -0.952191
nSV = 2130, nBSV = 2050
Total nSV = 2130
Accuracy = 51.2605% (122/238) (classification)
OURRESULT 3 -1.5 train1 file10 51.2605
.
WARNING: using -h 0 may be faster
*
optimization finished, #iter = 1120
nu = 0.980355
obj = -184.826838, rho = -0.952942
nSV = 2125, nBSV = 2052
Total nSV = 2125
Accuracy = 50.6329% (120/237) (classification)
OURRESULT 3 -1.5 train2 file1 50.6329
.
WARNING: using -h 0 may be faster
*
optimization finished, #iter = 1127
nu = 0.980355
obj = -184.804573, rho = -0.952527
nSV = 2129, nBSV = 2053
Total nSV = 2129
Accuracy = 50.6329% (120/237) (classification)
OURRESULT 3 -1.5 train3 file2 50.6329
.
WARNING: using -h 0 may be faster
*
optimization finished, #iter = 1127
nu = 0.980355
obj = -184.777577, rho = -0.953582
nSV = 2127, nBSV = 2047
Total nSV = 2127
Accuracy = 50.6329% (120/237) (classification)
OURRESULT 3 -1.5 train4 file3 50.6329
.
WARNING: using -h 0 may be faster
*
optimization finished, #iter = 1130
nu = 0.981291
obj = -185.017604, rho = -0.953528
nSV = 2127, nBSV = 2053
Total nSV = 2127
Accuracy = 51.0549% (121/237) (classification)
OURRESULT 3 -1.5 train5 file4 51.0549
.
WARNING: using -h 0 may be faster
*
optimization finished, #iter = 1127
nu = 0.981291
obj = -184.951073, rho = -0.952464
nSV = 2130, nBSV = 2052
Total nSV = 2130
Accuracy = 51.0549% (121/237) (classification)
OURRESULT 3 -1.5 train6 file5 51.0549
.
WARNING: using -h 0 may be faster
*
optimization finished, #iter = 1121
nu = 0.980814
obj = -184.722455, rho = -0.950940
nSV = 2128, nBSV = 2053
Total nSV = 2128
Accuracy = 50.8403% (121/238) (classification)
OURRESULT 3 -1.5 train7 file6 50.8403
.
WARNING: using -h 0 may be faster
*
optimization finished, #iter = 1134
nu = 0.980814
obj = -184.758128, rho = -0.951829
nSV = 2128, nBSV = 2055
Total nSV = 2128
Accuracy = 50.8403% (121/238) (classification)
OURRESULT 3 -1.5 train8 file7 50.8403
.
WARNING: using -h 0 may be faster
*
optimization finished, #iter = 1115
nu = 0.981750
obj = -184.957837, rho = -0.951915
nSV = 2123, nBSV = 2057
Total nSV = 2123
Accuracy = 51.2605% (122/238) (classification)
OURRESULT 3 -1.5 train9 file8 51.2605
.
WARNING: using -h 0 may be faster
*
optimization finished, #iter = 1127
nu = 0.981750
obj = -184.949535, rho = -0.951025
nSV = 2130, nBSV = 2058
Total nSV = 2130
Accuracy = 51.2605% (122/238) (classification)
OURRESULT 3 -1.5 train10 file9 51.2605
.
WARNING: using -h 0 may be faster
*
optimization finished, #iter = 1153
nu = 0.981750
obj = -406.347992, rho = -0.893085
nSV = 2130, nBSV = 2048
Total nSV = 2130
Accuracy = 51.2605% (122/238) (classification)
OURRESULT 3 -1.0 train1 file10 51.2605
.
WARNING: using -h 0 may be faster
*
optimization finished, #iter = 1138
nu = 0.980355
obj = -405.974522, rho = -0.894805
nSV = 2125, nBSV = 2051
Total nSV = 2125
Accuracy = 50.6329% (120/237) (classification)
OURRESULT 3 -1.0 train2 file1 50.6329
.
WARNING: using -h 0 may be faster
*
optimization finished, #iter = 1141
nu = 0.980355
obj = -405.863199, rho = -0.893869
nSV = 2129, nBSV = 2052
Total nSV = 2129
Accuracy = 50.6329% (120/237) (classification)
OURRESULT 3 -1.0 train3 file2 50.6329
.
WARNING: using -h 0 may be faster
*
optimization finished, #iter = 1152
nu = 0.980355
obj = -405.728221, rho = -0.896268
nSV = 2128, nBSV = 2045
Total nSV = 2128
Accuracy = 50.6329% (120/237) (classification)
OURRESULT 3 -1.0 train4 file3 50.6329
.
WARNING: using -h 0 may be faster
*
optimization finished, #iter = 1143
nu = 0.981291
obj = -406.433916, rho = -0.896129
nSV = 2127, nBSV = 2053
Total nSV = 2127
Accuracy = 51.0549% (121/237) (classification)
OURRESULT 3 -1.0 train5 file4 51.0549
.
WARNING: using -h 0 may be faster
*
optimization finished, #iter = 1134
nu = 0.981291
obj = -406.101271, rho = -0.893732
nSV = 2131, nBSV = 2050
Total nSV = 2131
Accuracy = 51.0549% (121/237) (classification)
OURRESULT 3 -1.0 train6 file5 51.0549
.
WARNING: using -h 0 may be faster
*
optimization finished, #iter = 1147
nu = 0.980814
obj = -405.452617, rho = -0.890358
nSV = 2128, nBSV = 2052
Total nSV = 2128
Accuracy = 50.8403% (121/238) (classification)
OURRESULT 3 -1.0 train7 file6 50.8403
.
WARNING: using -h 0 may be faster
*
optimization finished, #iter = 1151
nu = 0.980814
obj = -405.630968, rho = -0.892271
nSV = 2129, nBSV = 2054
Total nSV = 2129
Accuracy = 50.8403% (121/238) (classification)
OURRESULT 3 -1.0 train8 file7 50.8403
.
WARNING: using -h 0 may be faster
*
optimization finished, #iter = 1126
nu = 0.981750
obj = -406.135085, rho = -0.892519
nSV = 2124, nBSV = 2057
Total nSV = 2124
Accuracy = 51.2605% (122/238) (classification)
OURRESULT 3 -1.0 train9 file8 51.2605
.
WARNING: using -h 0 may be faster
*
optimization finished, #iter = 1141
nu = 0.981750
obj = -406.093583, rho = -0.890535
nSV = 2130, nBSV = 2056
Total nSV = 2130
Accuracy = 51.2605% (122/238) (classification)
OURRESULT 3 -1.0 train10 file9 51.2605
.
WARNING: using -h 0 may be faster
*
optimization finished, #iter = 1172
nu = 0.981750
obj = -871.994106, rho = -0.760987
nSV = 2130, nBSV = 2048
Total nSV = 2130
Accuracy = 51.2605% (122/238) (classification)
OURRESULT 3 -0.5 train1 file10 51.2605
.
WARNING: using -h 0 may be faster
*
optimization finished, #iter = 1147
nu = 0.980355
obj = -871.232336, rho = -0.764767
nSV = 2125, nBSV = 2051
Total nSV = 2125
Accuracy = 51.0549% (121/237) (classification)
OURRESULT 3 -0.5 train2 file1 51.0549
.
WARNING: using -h 0 may be faster
*
optimization finished, #iter = 1157
nu = 0.980355
obj = -870.675714, rho = -0.762710
nSV = 2129, nBSV = 2051
Total nSV = 2129
Accuracy = 50.6329% (120/237) (classification)
OURRESULT 3 -0.5 train3 file2 50.6329
.
WARNING: using -h 0 may be faster
*
optimization finished, #iter = 1166
nu = 0.980355
obj = -870.000826, rho = -0.768068
nSV = 2128, nBSV = 2045
Total nSV = 2128
Accuracy = 50.6329% (120/237) (classification)
OURRESULT 3 -0.5 train4 file3 50.6329
.
WARNING: using -h 0 may be faster
*
optimization finished, #iter = 1156
nu = 0.981291
obj = -872.423732, rho = -0.767739
nSV = 2127, nBSV = 2053
Total nSV = 2127
Accuracy = 51.0549% (121/237) (classification)
OURRESULT 3 -0.5 train5 file4 51.0549
.
WARNING: using -h 0 may be faster
*
optimization finished, #iter = 1156
nu = 0.981291
obj = -870.760517, rho = -0.762424
nSV = 2131, nBSV = 2050
Total nSV = 2131
Accuracy = 50.6329% (120/237) (classification)
OURRESULT 3 -0.5 train6 file5 50.6329
.
WARNING: using -h 0 may be faster
*
optimization finished, #iter = 1158
nu = 0.980814
obj = -868.622804, rho = -0.754865
nSV = 2128, nBSV = 2052
Total nSV = 2128
Accuracy = 50.8403% (121/238) (classification)
OURRESULT 3 -0.5 train7 file6 50.8403
.
WARNING: using -h 0 may be faster
*
optimization finished, #iter = 1148
nu = 0.980814
obj = -869.514555, rho = -0.759148
nSV = 2129, nBSV = 2054
Total nSV = 2129
Accuracy = 50.8403% (121/238) (classification)
OURRESULT 3 -0.5 train8 file7 50.8403
.
WARNING: using -h 0 may be faster
*
optimization finished, #iter = 1140
nu = 0.981750
obj = -870.929585, rho = -0.759724
nSV = 2126, nBSV = 2055
Total nSV = 2126
Accuracy = 51.6807% (123/238) (classification)
OURRESULT 3 -0.5 train9 file8 51.6807
.
WARNING: using -h 0 may be faster
*
optimization finished, #iter = 1151
nu = 0.981750
obj = -870.722055, rho = -0.755292
nSV = 2130, nBSV = 2056
Total nSV = 2130
Accuracy = 51.2605% (122/238) (classification)
OURRESULT 3 -0.5 train10 file9 51.2605
.
WARNING: using -h 0 may be faster
*
optimization finished, #iter = 1190
nu = 0.979178
obj = -1766.968728, rho = -0.478979
nSV = 2130, nBSV = 2039
Total nSV = 2130
Accuracy = 65.5462% (156/238) (classification)
OURRESULT 3 0.0 train1 file10 65.5462
.
WARNING: using -h 0 may be faster
*
optimization finished, #iter = 1172
nu = 0.976465
obj = -1765.862067, rho = -0.496213
nSV = 2124, nBSV = 2035
Total nSV = 2124
Accuracy = 64.9789% (154/237) (classification)
OURRESULT 3 0.0 train2 file1 64.9789
.
WARNING: using -h 0 may be faster
*
optimization finished, #iter = 1188
nu = 0.975479
obj = -1763.622300, rho = -0.496508
nSV = 2127, nBSV = 2032
Total nSV = 2127
Accuracy = 64.557% (153/237) (classification)
OURRESULT 3 0.0 train3 file2 64.557
.
WARNING: using -h 0 may be faster
*
optimization finished, #iter = 1198
nu = 0.976008
obj = -1760.015276, rho = -0.503832
nSV = 2124, nBSV = 2030
Total nSV = 2124
Accuracy = 61.1814% (145/237) (classification)
OURRESULT 3 0.0 train4 file3 61.1814
.
WARNING: using -h 0 may be faster
*
optimization finished, #iter = 1190
nu = 0.978066
obj = -1769.498700, rho = -0.497721
nSV = 2125, nBSV = 2032
Total nSV = 2125
Accuracy = 63.2911% (150/237) (classification)
OURRESULT 3 0.0 train5 file4 63.2911
.
WARNING: using -h 0 may be faster
*
optimization finished, #iter = 1194
nu = 0.976263
obj = -1761.215654, rho = -0.494560
nSV = 2129, nBSV = 2031
Total nSV = 2129
Accuracy = 64.557% (153/237) (classification)
OURRESULT 3 0.0 train6 file5 64.557
.
WARNING: using -h 0 may be faster
*
optimization finished, #iter = 1187
nu = 0.975383
obj = -1753.497301, rho = -0.480709
nSV = 2122, nBSV = 2027
Total nSV = 2122
Accuracy = 59.6639% (142/238) (classification)
OURRESULT 3 0.0 train7 file6 59.6639
.
WARNING: using -h 0 may be faster
*
optimization finished, #iter = 1195
nu = 0.976213
obj = -1757.625014, rho = -0.486547
nSV = 2125, nBSV = 2031
Total nSV = 2125
Accuracy = 61.7647% (147/238) (classification)
OURRESULT 3 0.0 train8 file7 61.7647
.
WARNING: using -h 0 may be faster
*
optimization finished, #iter = 1189
nu = 0.977340
obj = -1762.089615, rho = -0.487955
nSV = 2122, nBSV = 2034
Total nSV = 2122
Accuracy = 62.605% (149/238) (classification)
OURRESULT 3 0.0 train9 file8 62.605
.
WARNING: using -h 0 may be faster
*
optimization finished, #iter = 1199
nu = 0.976893
obj = -1761.368570, rho = -0.480151
nSV = 2128, nBSV = 2033
Total nSV = 2128
Accuracy = 60.9244% (145/238) (classification)
OURRESULT 3 0.0 train10 file9 60.9244
.
WARNING: using -h 0 may be faster
*
optimization finished, #iter = 1549
nu = 0.896402
obj = -3206.659427, rho = -0.392657
nSV = 2070, nBSV = 1715
Total nSV = 2070
Accuracy = 77.7311% (185/238) (classification)
OURRESULT 3 0.5 train1 file10 77.7311
.
WARNING: using -h 0 may be faster
*
optimization finished, #iter = 1544
nu = 0.896814
obj = -3213.643061, rho = -0.400163
nSV = 2072, nBSV = 1723
Total nSV = 2072
Accuracy = 79.3249% (188/237) (classification)
OURRESULT 3 0.5 train2 file1 79.3249
.
WARNING: using -h 0 may be faster
*
optimization finished, #iter = 1551
nu = 0.894040
obj = -3212.190428, rho = -0.405857
nSV = 2056, nBSV = 1712
Total nSV = 2056
Accuracy = 79.3249% (188/237) (classification)
OURRESULT 3 0.5 train3 file2 79.3249
.
WARNING: using -h 0 may be faster
*
optimization finished, #iter = 1553
nu = 0.892730
obj = -3191.088402, rho = -0.412608
nSV = 2067, nBSV = 1702
Total nSV = 2067
Accuracy = 71.73% (170/237) (classification)
OURRESULT 3 0.5 train4 file3 71.73
.
WARNING: using -h 0 may be faster
*
optimization finished, #iter = 1555
nu = 0.897759
obj = -3220.111065, rho = -0.399111
nSV = 2070, nBSV = 1714
Total nSV = 2070
Accuracy = 78.0591% (185/237) (classification)
OURRESULT 3 0.5 train5 file4 78.0591
.
WARNING: using -h 0 may be faster
*
optimization finished, #iter = 1552
nu = 0.893023
obj = -3196.961894, rho = -0.401496
nSV = 2068, nBSV = 1712
Total nSV = 2068
Accuracy = 77.6371% (184/237) (classification)
OURRESULT 3 0.5 train6 file5 77.6371
.
WARNING: using -h 0 may be faster
*
optimization finished, #iter = 1554
nu = 0.888381
obj = -3176.592297, rho = -0.400396
nSV = 2054, nBSV = 1693
Total nSV = 2054
Accuracy = 70.1681% (167/238) (classification)
OURRESULT 3 0.5 train7 file6 70.1681
.
WARNING: using -h 0 may be faster
*
optimization finished, #iter = 1551
nu = 0.892406
obj = -3185.336355, rho = -0.401141
nSV = 2059, nBSV = 1703
Total nSV = 2059
Accuracy = 70.5882% (168/238) (classification)
OURRESULT 3 0.5 train8 file7 70.5882
.
WARNING: using -h 0 may be faster
*
optimization finished, #iter = 1535
nu = 0.894628
obj = -3199.061701, rho = -0.400023
nSV = 2057, nBSV = 1712
Total nSV = 2057
Accuracy = 76.4706% (182/238) (classification)
OURRESULT 3 0.5 train9 file8 76.4706
.
WARNING: using -h 0 may be faster
*
optimization finished, #iter = 1561
nu = 0.894518
obj = -3195.889455, rho = -0.387782
nSV = 2066, nBSV = 1707
Total nSV = 2066
Accuracy = 75.6303% (180/238) (classification)
OURRESULT 3 0.5 train10 file9 75.6303
..*
optimization finished, #iter = 2553
nu = 0.723274
obj = -5104.556622, rho = -0.393115
nSV = 1993, nBSV = 1047
Total nSV = 1993
Accuracy = 78.1513% (186/238) (classification)
OURRESULT 3 1.0 train1 file10 78.1513
..*
optimization finished, #iter = 2520
nu = 0.724288
obj = -5125.130784, rho = -0.405949
nSV = 1996, nBSV = 1056
Total nSV = 1996
Accuracy = 78.0591% (185/237) (classification)
OURRESULT 3 1.0 train2 file1 78.0591
..*
optimization finished, #iter = 2517
nu = 0.724602
obj = -5142.043800, rho = -0.409420
nSV = 1994, nBSV = 1064
Total nSV = 1994
Accuracy = 79.7468% (189/237) (classification)
OURRESULT 3 1.0 train3 file2 79.7468
..*
optimization finished, #iter = 2565
nu = 0.719176
obj = -5075.567736, rho = -0.416718
nSV = 1988, nBSV = 1036
Total nSV = 1988
Accuracy = 74.6835% (177/237) (classification)
OURRESULT 3 1.0 train4 file3 74.6835
..*
optimization finished, #iter = 2529
nu = 0.725026
obj = -5145.176893, rho = -0.404157
nSV = 1995, nBSV = 1063
Total nSV = 1995
Accuracy = 78.481% (186/237) (classification)
OURRESULT 3 1.0 train5 file4 78.481
..*
optimization finished, #iter = 2559
nu = 0.720752
obj = -5094.504684, rho = -0.406050
nSV = 1992, nBSV = 1039
Total nSV = 1992
Accuracy = 77.2152% (183/237) (classification)
OURRESULT 3 1.0 train6 file5 77.2152
..*
optimization finished, #iter = 2530
nu = 0.714414
obj = -5072.266061, rho = -0.411710
nSV = 1974, nBSV = 1030
Total nSV = 1974
Accuracy = 71.4286% (170/238) (classification)
OURRESULT 3 1.0 train7 file6 71.4286
..*
optimization finished, #iter = 2546
nu = 0.718211
obj = -5058.417564, rho = -0.409208
nSV = 1985, nBSV = 1046
Total nSV = 1985
Accuracy = 73.1092% (174/238) (classification)
OURRESULT 3 1.0 train8 file7 73.1092
..*
optimization finished, #iter = 2543
nu = 0.720701
obj = -5091.970404, rho = -0.405723
nSV = 1995, nBSV = 1048
Total nSV = 1995
Accuracy = 76.0504% (181/238) (classification)
OURRESULT 3 1.0 train9 file8 76.0504
..*
optimization finished, #iter = 2542
nu = 0.720706
obj = -5078.254714, rho = -0.399582
nSV = 1988, nBSV = 1039
Total nSV = 1988
Accuracy = 78.1513% (186/238) (classification)
OURRESULT 3 1.0 train10 file9 78.1513
..*.*
optimization finished, #iter = 3743
nu = 0.497313
obj = -6975.382460, rho = -0.337652
nSV = 1932, nBSV = 408
Total nSV = 1932
Accuracy = 77.7311% (185/238) (classification)
OURRESULT 3 1.5 train1 file10 77.7311
..*.*
optimization finished, #iter = 3711
nu = 0.498400
obj = -7024.394367, rho = -0.358044
nSV = 1929, nBSV = 406
Total nSV = 1929
Accuracy = 78.0591% (185/237) (classification)
OURRESULT 3 1.5 train2 file1 78.0591
..*.*
optimization finished, #iter = 3745
nu = 0.500821
obj = -7064.390261, rho = -0.358542
nSV = 1935, nBSV = 417
Total nSV = 1935
Accuracy = 76.3713% (181/237) (classification)
OURRESULT 3 1.5 train3 file2 76.3713
..*.*
optimization finished, #iter = 3733
nu = 0.493412
obj = -6948.220318, rho = -0.367269
nSV = 1923, nBSV = 406
Total nSV = 1923
Accuracy = 78.481% (186/237) (classification)
OURRESULT 3 1.5 train4 file3 78.481
..*.*
optimization finished, #iter = 3714
nu = 0.501672
obj = -7072.354297, rho = -0.353596
nSV = 1944, nBSV = 414
Total nSV = 1944
Accuracy = 78.0591% (185/237) (classification)
OURRESULT 3 1.5 train5 file4 78.0591
..*.*
optimization finished, #iter = 3724
nu = 0.495381
obj = -6974.259625, rho = -0.356326
nSV = 1933, nBSV = 408
Total nSV = 1933
Accuracy = 76.7932% (182/237) (classification)
OURRESULT 3 1.5 train6 file5 76.7932
..*.*
optimization finished, #iter = 3663
nu = 0.495031
obj = -6989.403368, rho = -0.353924
nSV = 1912, nBSV = 410
Total nSV = 1912
Accuracy = 73.1092% (174/238) (classification)
OURRESULT 3 1.5 train7 file6 73.1092
..*.*
optimization finished, #iter = 3703
nu = 0.492222
obj = -6896.750278, rho = -0.369715
nSV = 1928, nBSV = 413
Total nSV = 1928
Accuracy = 71.4286% (170/238) (classification)
OURRESULT 3 1.5 train8 file7 71.4286
..*.*
optimization finished, #iter = 3756
nu = 0.495116
obj = -6983.690400, rho = -0.352074
nSV = 1939, nBSV = 416
Total nSV = 1939
Accuracy = 75.2101% (179/238) (classification)
OURRESULT 3 1.5 train9 file8 75.2101
..*.*
optimization finished, #iter = 3743
nu = 0.494667
obj = -6930.350891, rho = -0.354990
nSV = 1929, nBSV = 398
Total nSV = 1929
Accuracy = 77.3109% (184/238) (classification)
OURRESULT 3 1.5 train10 file9 77.3109
...*.*
optimization finished, #iter = 4343
nu = 0.282991
obj = -8440.630350, rho = -0.313393
nSV = 1917, nBSV = 105
Total nSV = 1917
Accuracy = 75.6303% (180/238) (classification)
OURRESULT 3 2.0 train1 file10 75.6303
...*.*
optimization finished, #iter = 4260
nu = 0.285469
obj = -8603.316689, rho = -0.332237
nSV = 1921, nBSV = 113
Total nSV = 1921
Accuracy = 75.1055% (178/237) (classification)
OURRESULT 3 2.0 train2 file1 75.1055
...*.*
optimization finished, #iter = 4291
nu = 0.287244
obj = -8647.951970, rho = -0.334731
nSV = 1905, nBSV = 112
Total nSV = 1905
Accuracy = 74.6835% (177/237) (classification)
OURRESULT 3 2.0 train3 file2 74.6835
...*.*
optimization finished, #iter = 4266
nu = 0.282670
obj = -8493.430151, rho = -0.346513
nSV = 1908, nBSV = 115
Total nSV = 1908
Accuracy = 75.9494% (180/237) (classification)
OURRESULT 3 2.0 train4 file3 75.9494
...*.*
optimization finished, #iter = 4329
nu = 0.287454
obj = -8666.588693, rho = -0.332238
nSV = 1921, nBSV = 108
Total nSV = 1921
Accuracy = 78.903% (187/237) (classification)
OURRESULT 3 2.0 train5 file4 78.903
...*.*
optimization finished, #iter = 4210
nu = 0.283656
obj = -8519.421258, rho = -0.328112
nSV = 1906, nBSV = 118
Total nSV = 1906
Accuracy = 75.9494% (180/237) (classification)
OURRESULT 3 2.0 train6 file5 75.9494
...*.*
optimization finished, #iter = 4205
nu = 0.284714
obj = -8555.565954, rho = -0.324454
nSV = 1900, nBSV = 111
Total nSV = 1900
Accuracy = 72.6891% (173/238) (classification)
OURRESULT 3 2.0 train7 file6 72.6891
...*.*
optimization finished, #iter = 4211
nu = 0.280200
obj = -8348.229133, rho = -0.355644
nSV = 1899, nBSV = 108
Total nSV = 1899
Accuracy = 71.4286% (170/238) (classification)
OURRESULT 3 2.0 train8 file7 71.4286
...*.*
optimization finished, #iter = 4232
nu = 0.284200
obj = -8568.792375, rho = -0.328425
nSV = 1915, nBSV = 120
Total nSV = 1915
Accuracy = 75.2101% (179/238) (classification)
OURRESULT 3 2.0 train9 file8 75.2101
...*.*
optimization finished, #iter = 4349
nu = 0.282023
obj = -8378.198025, rho = -0.328572
nSV = 1916, nBSV = 106
Total nSV = 1916
Accuracy = 76.8908% (183/238) (classification)
OURRESULT 3 2.0 train10 file9 76.8908
...*.*
optimization finished, #iter = 4600
nu = 0.146949
obj = -10251.467417, rho = -0.326249
nSV = 1905, nBSV = 56
Total nSV = 1905
Accuracy = 77.7311% (185/238) (classification)
OURRESULT 3 2.5 train1 file10 77.7311
...*.*
optimization finished, #iter = 4563
nu = 0.150292
obj = -10609.751827, rho = -0.338960
nSV = 1906, nBSV = 58
Total nSV = 1906
Accuracy = 74.6835% (177/237) (classification)
OURRESULT 3 2.5 train2 file1 74.6835
...*.*
optimization finished, #iter = 4564
nu = 0.151269
obj = -10615.919502, rho = -0.344431
nSV = 1902, nBSV = 57
Total nSV = 1902
Accuracy = 72.5738% (172/237) (classification)
OURRESULT 3 2.5 train3 file2 72.5738
...*.*
optimization finished, #iter = 4513
nu = 0.148420
obj = -10374.409821, rho = -0.357661
nSV = 1891, nBSV = 57
Total nSV = 1891
Accuracy = 74.6835% (177/237) (classification)
OURRESULT 3 2.5 train4 file3 74.6835
...*.*
optimization finished, #iter = 4527
nu = 0.151714
obj = -10642.603552, rho = -0.341104
nSV = 1903, nBSV = 59
Total nSV = 1903
Accuracy = 79.3249% (188/237) (classification)
OURRESULT 3 2.5 train5 file4 79.3249
...*.*
optimization finished, #iter = 4525
nu = 0.148884
obj = -10390.544940, rho = -0.336893
nSV = 1904, nBSV = 59
Total nSV = 1904
Accuracy = 77.2152% (183/237) (classification)
OURRESULT 3 2.5 train6 file5 77.2152
...*.*
optimization finished, #iter = 4469
nu = 0.149634
obj = -10483.265879, rho = -0.331968
nSV = 1892, nBSV = 60
Total nSV = 1892
Accuracy = 72.2689% (172/238) (classification)
OURRESULT 3 2.5 train7 file6 72.2689
...*.*
optimization finished, #iter = 4479
nu = 0.145548
obj = -10091.903366, rho = -0.366227
nSV = 1882, nBSV = 55
Total nSV = 1882
Accuracy = 71.4286% (170/238) (classification)
OURRESULT 3 2.5 train8 file7 71.4286
...*.*
optimization finished, #iter = 4527
nu = 0.149865
obj = -10556.568583, rho = -0.343140
nSV = 1900, nBSV = 63
Total nSV = 1900
Accuracy = 74.7899% (178/238) (classification)
OURRESULT 3 2.5 train9 file8 74.7899
...*.*
optimization finished, #iter = 4562
nu = 0.146001
obj = -10038.560644, rho = -0.336964
nSV = 1904, nBSV = 47
Total nSV = 1904
Accuracy = 77.7311% (185/238) (classification)
OURRESULT 3 2.5 train10 file9 77.7311
...*.*
optimization finished, #iter = 4639
nu = 0.080236
obj = -13616.006286, rho = -0.337945
nSV = 1892, nBSV = 39
Total nSV = 1892
Accuracy = 76.4706% (182/238) (classification)
OURRESULT 3 3.0 train1 file10 76.4706
...*.*
optimization finished, #iter = 4597
nu = 0.083699
obj = -14263.018984, rho = -0.340360
nSV = 1891, nBSV = 43
Total nSV = 1891
Accuracy = 73.8397% (175/237) (classification)
OURRESULT 3 3.0 train2 file1 73.8397
...*.*
optimization finished, #iter = 4637
nu = 0.083485
obj = -14143.732838, rho = -0.351350
nSV = 1884, nBSV = 41
Total nSV = 1884
Accuracy = 73.4177% (174/237) (classification)
OURRESULT 3 3.0 train3 file2 73.4177
...*.*
optimization finished, #iter = 4617
nu = 0.081360
obj = -13765.324785, rho = -0.366341
nSV = 1879, nBSV = 38
Total nSV = 1879
Accuracy = 75.1055% (178/237) (classification)
OURRESULT 3 3.0 train4 file3 75.1055
...*.*
optimization finished, #iter = 4649
nu = 0.083723
obj = -14209.945552, rho = -0.345733
nSV = 1885, nBSV = 43
Total nSV = 1885
Accuracy = 79.3249% (188/237) (classification)
OURRESULT 3 3.0 train5 file4 79.3249
...*.*
optimization finished, #iter = 4695
nu = 0.082069
obj = -13650.191157, rho = -0.345482
nSV = 1888, nBSV = 43
Total nSV = 1888
Accuracy = 76.3713% (181/237) (classification)
OURRESULT 3 3.0 train6 file5 76.3713
...*.*
optimization finished, #iter = 4552
nu = 0.082385
obj = -13943.714405, rho = -0.338909
nSV = 1876, nBSV = 43
Total nSV = 1876
Accuracy = 70.5882% (168/238) (classification)
OURRESULT 3 3.0 train7 file6 70.5882
...*.*
optimization finished, #iter = 4644
nu = 0.079300
obj = -13184.641928, rho = -0.372371
nSV = 1876, nBSV = 39
Total nSV = 1876
Accuracy = 69.7479% (166/238) (classification)
OURRESULT 3 3.0 train8 file7 69.7479
...*.*
optimization finished, #iter = 4669
nu = 0.083280
obj = -14165.049918, rho = -0.351259
nSV = 1885, nBSV = 44
Total nSV = 1885
Accuracy = 74.7899% (178/238) (classification)
OURRESULT 3 3.0 train9 file8 74.7899
...*.*
optimization finished, #iter = 4619
nu = 0.078600
obj = -13006.537000, rho = -0.344488
nSV = 1898, nBSV = 34
Total nSV = 1898
Accuracy = 76.8908% (183/238) (classification)
OURRESULT 3 3.0 train10 file9 76.8908
...*.*
optimization finished, #iter = 4739
nu = 0.048732
obj = -20264.755303, rho = -0.340515
nSV = 1889, nBSV = 36
Total nSV = 1889
Accuracy = 74.7899% (178/238) (classification)
OURRESULT 3 3.5 train1 file10 74.7899
...*.*
optimization finished, #iter = 4590
nu = 0.051159
obj = -21152.626127, rho = -0.340711
nSV = 1871, nBSV = 35
Total nSV = 1871
Accuracy = 74.2616% (176/237) (classification)
OURRESULT 3 3.5 train2 file1 74.2616
...*.*
optimization finished, #iter = 4703
nu = 0.050562
obj = -20974.018548, rho = -0.352766
nSV = 1868, nBSV = 36
Total nSV = 1868
Accuracy = 71.308% (169/237) (classification)
OURRESULT 3 3.5 train3 file2 71.308
...*.*
optimization finished, #iter = 4622
nu = 0.049180
obj = -20402.063617, rho = -0.367060
nSV = 1863, nBSV = 35
Total nSV = 1863
Accuracy = 74.2616% (176/237) (classification)
OURRESULT 3 3.5 train4 file3 74.2616
...*.*
optimization finished, #iter = 4697
nu = 0.050883
obj = -21029.561033, rho = -0.347717
nSV = 1886, nBSV = 35
Total nSV = 1886
Accuracy = 78.0591% (185/237) (classification)
OURRESULT 3 3.5 train5 file4 78.0591
...*.*
optimization finished, #iter = 4731
nu = 0.048580
obj = -19764.004990, rho = -0.347524
nSV = 1871, nBSV = 36
Total nSV = 1871
Accuracy = 76.3713% (181/237) (classification)
OURRESULT 3 3.5 train6 file5 76.3713
...*.*
optimization finished, #iter = 4644
nu = 0.049379
obj = -20821.332921, rho = -0.341480
nSV = 1868, nBSV = 37
Total nSV = 1868
Accuracy = 70.1681% (167/238) (classification)
OURRESULT 3 3.5 train7 file6 70.1681
...*.*
optimization finished, #iter = 4748
nu = 0.046906
obj = -19034.450586, rho = -0.372582
nSV = 1853, nBSV = 33
Total nSV = 1853
Accuracy = 69.3277% (165/238) (classification)
OURRESULT 3 3.5 train8 file7 69.3277
...*.*
optimization finished, #iter = 4655
nu = 0.050671
obj = -21076.182975, rho = -0.352501
nSV = 1870, nBSV = 39
Total nSV = 1870
Accuracy = 73.9496% (176/238) (classification)
OURRESULT 3 3.5 train9 file8 73.9496
...*.*
optimization finished, #iter = 4749
nu = 0.046338
obj = -18714.754166, rho = -0.346770
nSV = 1891, nBSV = 32
Total nSV = 1891
Accuracy = 74.7899% (178/238) (classification)
OURRESULT 3 3.5 train10 file9 74.7899
...*.*
optimization finished, #iter = 4723
nu = 0.032661
obj = -33849.126279, rho = -0.340710
nSV = 1884, nBSV = 33
Total nSV = 1884
Accuracy = 76.0504% (181/238) (classification)
OURRESULT 3 4.0 train1 file10 76.0504
...*.*
optimization finished, #iter = 4571
nu = 0.033937
obj = -35327.147970, rho = -0.340276
nSV = 1871, nBSV = 34
Total nSV = 1871
Accuracy = 73.8397% (175/237) (classification)
OURRESULT 3 4.0 train2 file1 73.8397
...*.*
optimization finished, #iter = 4698
nu = 0.033667
obj = -35151.409667, rho = -0.352179
nSV = 1863, nBSV = 32
Total nSV = 1863
Accuracy = 70.4641% (167/237) (classification)
OURRESULT 3 4.0 train3 file2 70.4641
...*.*
optimization finished, #iter = 4661
nu = 0.032837
obj = -33968.832412, rho = -0.365248
nSV = 1851, nBSV = 32
Total nSV = 1851
Accuracy = 72.9958% (173/237) (classification)
OURRESULT 3 4.0 train4 file3 72.9958
...*.*
optimization finished, #iter = 4615
nu = 0.033714
obj = -35100.799400, rho = -0.346157
nSV = 1879, nBSV = 33
Total nSV = 1879
Accuracy = 77.2152% (183/237) (classification)
OURRESULT 3 4.0 train5 file4 77.2152
...*.*
optimization finished, #iter = 4655
nu = 0.031625
obj = -32532.218154, rho = -0.348148
nSV = 1861, nBSV = 34
Total nSV = 1861
Accuracy = 76.3713% (181/237) (classification)
OURRESULT 3 4.0 train6 file5 76.3713
...*.*
optimization finished, #iter = 4607
nu = 0.033518
obj = -35669.128304, rho = -0.341762
nSV = 1863, nBSV = 37
Total nSV = 1863
Accuracy = 70.1681% (167/238) (classification)
OURRESULT 3 4.0 train7 file6 70.1681
...*.*
optimization finished, #iter = 4659
nu = 0.030483
obj = -31127.251522, rho = -0.371389
nSV = 1854, nBSV = 30
Total nSV = 1854
Accuracy = 68.9076% (164/238) (classification)
OURRESULT 3 4.0 train8 file7 68.9076
...*.*
optimization finished, #iter = 4655
nu = 0.033670
obj = -35610.182897, rho = -0.352067
nSV = 1867, nBSV = 37
Total nSV = 1867
Accuracy = 73.1092% (174/238) (classification)
OURRESULT 3 4.0 train9 file8 73.1092
...*.*
optimization finished, #iter = 4722
nu = 0.030059
obj = -30227.857631, rho = -0.347280
nSV = 1874, nBSV = 28
Total nSV = 1874
Accuracy = 73.1092% (174/238) (classification)
OURRESULT 3 4.0 train10 file9 73.1092
...*.*
optimization finished, #iter = 4678
nu = 0.024579
obj = -63257.326614, rho = -0.341069
nSV = 1879, nBSV = 32
Total nSV = 1879
Accuracy = 76.4706% (182/238) (classification)
OURRESULT 3 4.5 train1 file10 76.4706
...*.*
optimization finished, #iter = 4659
nu = 0.025652
obj = -66273.768728, rho = -0.340646
nSV = 1867, nBSV = 34
Total nSV = 1867
Accuracy = 73.4177% (174/237) (classification)
OURRESULT 3 4.5 train2 file1 73.4177
...*.*
optimization finished, #iter = 4697
nu = 0.025537
obj = -66101.797389, rho = -0.352326
nSV = 1863, nBSV = 33
Total nSV = 1863
Accuracy = 69.6203% (165/237) (classification)
OURRESULT 3 4.5 train3 file2 69.6203
...*.*
optimization finished, #iter = 4687
nu = 0.024644
obj = -63371.452464, rho = -0.365115
nSV = 1853, nBSV = 30
Total nSV = 1853
Accuracy = 72.1519% (171/237) (classification)
OURRESULT 3 4.5 train4 file3 72.1519
...*.*
optimization finished, #iter = 4646
nu = 0.025478
obj = -66014.331326, rho = -0.345880
nSV = 1873, nBSV = 32
Total nSV = 1873
Accuracy = 77.6371% (184/237) (classification)
OURRESULT 3 4.5 train5 file4 77.6371
...*.*
optimization finished, #iter = 4675
nu = 0.023584
obj = -60388.972475, rho = -0.348766
nSV = 1857, nBSV = 33
Total nSV = 1857
Accuracy = 76.3713% (181/237) (classification)
OURRESULT 3 4.5 train6 file5 76.3713
...*.*
optimization finished, #iter = 4634
nu = 0.025995
obj = -68165.683279, rho = -0.342110
nSV = 1861, nBSV = 35
Total nSV = 1861
Accuracy = 70.5882% (168/238) (classification)
OURRESULT 3 4.5 train7 file6 70.5882
...*.*
optimization finished, #iter = 4660
nu = 0.022552
obj = -57434.510660, rho = -0.371256
nSV = 1860, nBSV = 31
Total nSV = 1860
Accuracy = 68.9076% (164/238) (classification)
OURRESULT 3 4.5 train8 file7 68.9076
...*.*
optimization finished, #iter = 4655
nu = 0.025922
obj = -68056.967307, rho = -0.352067
nSV = 1867, nBSV = 37
Total nSV = 1867
Accuracy = 73.1092% (174/238) (classification)
OURRESULT 3 4.5 train9 file8 73.1092
...*.*
optimization finished, #iter = 4727
nu = 0.021855
obj = -54995.552611, rho = -0.347701
nSV = 1863, nBSV = 28
Total nSV = 1863
Accuracy = 73.9496% (176/238) (classification)
OURRESULT 3 4.5 train10 file9 73.9496
...*.*
optimization finished, #iter = 4678
nu = 0.020822
obj = -128900.712149, rho = -0.341069
nSV = 1879, nBSV = 32
Total nSV = 1879
Accuracy = 76.4706% (182/238) (classification)
OURRESULT 3 5.0 train1 file10 76.4706
...*.*
optimization finished, #iter = 4659
nu = 0.021814
obj = -135372.069290, rho = -0.340646
nSV = 1867, nBSV = 34
Total nSV = 1867
Accuracy = 73.4177% (174/237) (classification)
OURRESULT 3 5.0 train2 file1 73.4177
...*.*
optimization finished, #iter = 4697
nu = 0.021762
obj = -135200.097952, rho = -0.352326
nSV = 1863, nBSV = 33
Total nSV = 1863
Accuracy = 69.6203% (165/237) (classification)
OURRESULT 3 5.0 train3 file2 69.6203
...*.*
optimization finished, #iter = 4687
nu = 0.020846
obj = -129014.837998, rho = -0.365115
nSV = 1853, nBSV = 30
Total nSV = 1853
Accuracy = 72.1519% (171/237) (classification)
OURRESULT 3 5.0 train4 file3 72.1519
...*.*
optimization finished, #iter = 4646
nu = 0.021736
obj = -135112.631889, rho = -0.345880
nSV = 1873, nBSV = 32
Total nSV = 1873
Accuracy = 77.6371% (184/237) (classification)
OURRESULT 3 5.0 train5 file4 77.6371
...*.*
optimization finished, #iter = 4675
nu = 0.019855
obj = -122577.442981, rho = -0.348766
nSV = 1857, nBSV = 33
Total nSV = 1857
Accuracy = 76.3713% (181/237) (classification)
OURRESULT 3 5.0 train6 file5 76.3713
...*.*
optimization finished, #iter = 4634
nu = 0.022490
obj = -140718.898870, rho = -0.342110
nSV = 1861, nBSV = 35
Total nSV = 1861
Accuracy = 70.5882% (168/238) (classification)
OURRESULT 3 5.0 train7 file6 70.5882
...*.*
optimization finished, #iter = 4660
nu = 0.018880
obj = -116168.066138, rho = -0.371256
nSV = 1860, nBSV = 31
Total nSV = 1860
Accuracy = 68.9076% (164/238) (classification)
OURRESULT 3 5.0 train8 file7 68.9076
...*.*
optimization finished, #iter = 4655
nu = 0.022457
obj = -140610.182897, rho = -0.352067
nSV = 1867, nBSV = 37
Total nSV = 1867
Accuracy = 73.1092% (174/238) (classification)
OURRESULT 3 5.0 train9 file8 73.1092
...*.*
optimization finished, #iter = 4727
nu = 0.018051
obj = -110274.193061, rho = -0.347701
nSV = 1863, nBSV = 28
Total nSV = 1863
Accuracy = 73.9496% (176/238) (classification)
OURRESULT 3 5.0 train10 file9 73.9496
